jun 28, 2024 7:59:26 PM org.apache.karaf.main.Main launch
INFORMACIÓN: Installing and starting initial bundles
jun 28, 2024 7:59:26 PM org.apache.karaf.main.Main launch
INFORMACIÓN: All initial bundles installed and set to start
jun 28, 2024 7:59:26 PM org.apache.karaf.main.lock.SimpleFileLock lock
INFORMACIÓN: Trying to lock C:\Users\USER\Downloads\apache-karaf-4.4.6\apache-karaf-4.4.6\lock
jun 28, 2024 7:59:26 PM org.apache.karaf.main.lock.SimpleFileLock lock
INFORMACIÓN: Lock acquired
jun 28, 2024 7:59:26 PM org.apache.karaf.main.Main$KarafLockCallback lockAcquired
INFORMACIÓN: Lock acquired. Setting startlevel to 100
2024-06-28T19:59:27,607 | INFO  | FelixStartLevel  | fileinstall                      | 18 - org.apache.felix.fileinstall - 3.7.4 | Creating configuration {org.apache.karaf.command.acl.shell} from C:\Users\USER\Downloads\apache-karaf-4.4.6\apache-karaf-4.4.6\etc\org.apache.karaf.command.acl.shell.cfg
2024-06-28T19:59:27,607 | INFO  | CM Configuration Updater (Update: pid=org.ops4j.pax.logging) | EventAdminConfigurationNotifier  | 5 - org.ops4j.pax.logging.pax-logging-log4j2 - 2.2.7 | Sending Event Admin notification (configuration successful) to org/ops4j/pax/logging/Configuration
2024-06-28T19:59:27,619 | INFO  | FelixStartLevel  | fileinstall                      | 18 - org.apache.felix.fileinstall - 3.7.4 | Creating configuration {org.apache.karaf.management} from C:\Users\USER\Downloads\apache-karaf-4.4.6\apache-karaf-4.4.6\etc\org.apache.karaf.management.cfg
2024-06-28T19:59:27,626 | INFO  | FelixStartLevel  | fileinstall                      | 18 - org.apache.felix.fileinstall - 3.7.4 | Creating configuration {org.apache.karaf.command.acl.bundle} from C:\Users\USER\Downloads\apache-karaf-4.4.6\apache-karaf-4.4.6\etc\org.apache.karaf.command.acl.bundle.cfg
2024-06-28T19:59:27,634 | INFO  | FelixStartLevel  | fileinstall                      | 18 - org.apache.felix.fileinstall - 3.7.4 | Creating configuration {org.apache.karaf.features} from C:\Users\USER\Downloads\apache-karaf-4.4.6\apache-karaf-4.4.6\etc\org.apache.karaf.features.cfg
2024-06-28T19:59:27,643 | INFO  | FelixStartLevel  | fileinstall                      | 18 - org.apache.felix.fileinstall - 3.7.4 | Creating configuration {org.apache.karaf.kar} from C:\Users\USER\Downloads\apache-karaf-4.4.6\apache-karaf-4.4.6\etc\org.apache.karaf.kar.cfg
2024-06-28T19:59:27,652 | INFO  | FelixStartLevel  | fileinstall                      | 18 - org.apache.felix.fileinstall - 3.7.4 | Creating configuration {org.apache.karaf.features.repos} from C:\Users\USER\Downloads\apache-karaf-4.4.6\apache-karaf-4.4.6\etc\org.apache.karaf.features.repos.cfg
2024-06-28T19:59:27,665 | INFO  | FelixStartLevel  | fileinstall                      | 18 - org.apache.felix.fileinstall - 3.7.4 | Creating configuration {org.apache.felix.eventadmin.impl.EventAdmin} from C:\Users\USER\Downloads\apache-karaf-4.4.6\apache-karaf-4.4.6\etc\org.apache.felix.eventadmin.impl.EventAdmin.cfg
2024-06-28T19:59:29,135 | INFO  | activator-1-thread-2 | FeaturesServiceImpl              | 19 - org.apache.karaf.features.core - 4.4.6 | Adding features: package/[4.4.6,4.4.6],bundle/[4.4.6,4.4.6],feature/[4.4.6,4.4.6],deployer/[4.4.6,4.4.6],diagnostic/[4.4.6,4.4.6],ssh/[4.4.6,4.4.6],framework/[4.4.6,4.4.6],kar/[4.4.6,4.4.6],management/[4.4.6,4.4.6],eventadmin/[4.4.6,4.4.6],log/[4.4.6,4.4.6],config/[4.4.6,4.4.6],shell/[4.4.6,4.4.6],instance/[4.4.6,4.4.6],jaas/[4.4.6,4.4.6],wrap/[2.6.14,2.6.14],system/[4.4.6,4.4.6],service/[4.4.6,4.4.6]
2024-06-28T19:59:29,574 | INFO  | features-3-thread-1 | FeaturesServiceImpl              | 19 - org.apache.karaf.features.core - 4.4.6 | Changes to perform:
2024-06-28T19:59:29,574 | INFO  | features-3-thread-1 | FeaturesServiceImpl              | 19 - org.apache.karaf.features.core - 4.4.6 |   Region: root
2024-06-28T19:59:29,574 | INFO  | features-3-thread-1 | FeaturesServiceImpl              | 19 - org.apache.karaf.features.core - 4.4.6 |     Bundles to install:
2024-06-28T19:59:29,575 | INFO  | features-3-thread-1 | FeaturesServiceImpl              | 19 - org.apache.karaf.features.core - 4.4.6 |       mvn:org.bouncycastle/bcpkix-jdk18on/1.77
2024-06-28T19:59:29,575 | INFO  | features-3-thread-1 | FeaturesServiceImpl              | 19 - org.apache.karaf.features.core - 4.4.6 |       mvn:org.bouncycastle/bcprov-jdk18on/1.77
2024-06-28T19:59:29,575 | INFO  | features-3-thread-1 | FeaturesServiceImpl              | 19 - org.apache.karaf.features.core - 4.4.6 |       mvn:org.bouncycastle/bcutil-jdk18on/1.77
2024-06-28T19:59:29,575 | INFO  | features-3-thread-1 | FeaturesServiceImpl              | 19 - org.apache.karaf.features.core - 4.4.6 |       mvn:org.apache.aries.jmx/org.apache.aries.jmx.api/1.1.5
2024-06-28T19:59:29,575 | INFO  | features-3-thread-1 | FeaturesServiceImpl              | 19 - org.apache.karaf.features.core - 4.4.6 |       mvn:org.apache.aries.jmx/org.apache.aries.jmx.core/1.1.8
2024-06-28T19:59:29,576 | INFO  | features-3-thread-1 | FeaturesServiceImpl              | 19 - org.apache.karaf.features.core - 4.4.6 |       mvn:org.apache.aries.jmx/org.apache.aries.jmx.whiteboard/1.2.0
2024-06-28T19:59:29,576 | INFO  | features-3-thread-1 | FeaturesServiceImpl              | 19 - org.apache.karaf.features.core - 4.4.6 |       mvn:org.apache.aries/org.apache.aries.util/1.1.3
2024-06-28T19:59:29,576 | INFO  | features-3-thread-1 | FeaturesServiceImpl              | 19 - org.apache.karaf.features.core - 4.4.6 |       mvn:org.apache.karaf.bundle/org.apache.karaf.bundle.core/4.4.6
2024-06-28T19:59:29,576 | INFO  | features-3-thread-1 | FeaturesServiceImpl              | 19 - org.apache.karaf.features.core - 4.4.6 |       mvn:org.apache.karaf.config/org.apache.karaf.config.command/4.4.6
2024-06-28T19:59:29,576 | INFO  | features-3-thread-1 | FeaturesServiceImpl              | 19 - org.apache.karaf.features.core - 4.4.6 |       mvn:org.apache.karaf.deployer/org.apache.karaf.deployer.features/4.4.6
2024-06-28T19:59:29,576 | INFO  | features-3-thread-1 | FeaturesServiceImpl              | 19 - org.apache.karaf.features.core - 4.4.6 |       mvn:org.apache.karaf.deployer/org.apache.karaf.deployer.kar/4.4.6
2024-06-28T19:59:29,576 | INFO  | features-3-thread-1 | FeaturesServiceImpl              | 19 - org.apache.karaf.features.core - 4.4.6 |       mvn:org.apache.karaf.deployer/org.apache.karaf.deployer.wrap/4.4.6
2024-06-28T19:59:29,576 | INFO  | features-3-thread-1 | FeaturesServiceImpl              | 19 - org.apache.karaf.features.core - 4.4.6 |       mvn:org.apache.karaf.diagnostic/org.apache.karaf.diagnostic.core/4.4.6
2024-06-28T19:59:29,576 | INFO  | features-3-thread-1 | FeaturesServiceImpl              | 19 - org.apache.karaf.features.core - 4.4.6 |       mvn:org.apache.karaf/org.apache.karaf.event/4.4.6
2024-06-28T19:59:29,577 | INFO  | features-3-thread-1 | FeaturesServiceImpl              | 19 - org.apache.karaf.features.core - 4.4.6 |       mvn:org.apache.karaf.features/org.apache.karaf.features.command/4.4.6
2024-06-28T19:59:29,577 | INFO  | features-3-thread-1 | FeaturesServiceImpl              | 19 - org.apache.karaf.features.core - 4.4.6 |       mvn:org.apache.karaf.instance/org.apache.karaf.instance.core/4.4.6
2024-06-28T19:59:29,577 | INFO  | features-3-thread-1 | FeaturesServiceImpl              | 19 - org.apache.karaf.features.core - 4.4.6 |       mvn:org.apache.karaf.jaas/org.apache.karaf.jaas.command/4.4.6
2024-06-28T19:59:29,577 | INFO  | features-3-thread-1 | FeaturesServiceImpl              | 19 - org.apache.karaf.features.core - 4.4.6 |       mvn:org.apache.karaf.jaas/org.apache.karaf.jaas.config/4.4.6
2024-06-28T19:59:29,577 | INFO  | features-3-thread-1 | FeaturesServiceImpl              | 19 - org.apache.karaf.features.core - 4.4.6 |       mvn:org.apache.karaf.jaas/org.apache.karaf.jaas.modules/4.4.6
2024-06-28T19:59:29,577 | INFO  | features-3-thread-1 | FeaturesServiceImpl              | 19 - org.apache.karaf.features.core - 4.4.6 |       mvn:org.apache.karaf.kar/org.apache.karaf.kar.core/4.4.6
2024-06-28T19:59:29,578 | INFO  | features-3-thread-1 | FeaturesServiceImpl              | 19 - org.apache.karaf.features.core - 4.4.6 |       mvn:org.apache.karaf.log/org.apache.karaf.log.core/4.4.6
2024-06-28T19:59:29,578 | INFO  | features-3-thread-1 | FeaturesServiceImpl              | 19 - org.apache.karaf.features.core - 4.4.6 |       mvn:org.apache.karaf.management/org.apache.karaf.management.server/4.4.6
2024-06-28T19:59:29,578 | INFO  | features-3-thread-1 | FeaturesServiceImpl              | 19 - org.apache.karaf.features.core - 4.4.6 |       mvn:org.apache.karaf.package/org.apache.karaf.package.core/4.4.6
2024-06-28T19:59:29,578 | INFO  | features-3-thread-1 | FeaturesServiceImpl              | 19 - org.apache.karaf.features.core - 4.4.6 |       mvn:org.apache.karaf.service/org.apache.karaf.service.core/4.4.6
2024-06-28T19:59:29,579 | INFO  | features-3-thread-1 | FeaturesServiceImpl              | 19 - org.apache.karaf.features.core - 4.4.6 |       mvn:org.apache.karaf.shell/org.apache.karaf.shell.commands/4.4.6
2024-06-28T19:59:29,579 | INFO  | features-3-thread-1 | FeaturesServiceImpl              | 19 - org.apache.karaf.features.core - 4.4.6 |       mvn:org.apache.karaf.shell/org.apache.karaf.shell.core/4.4.6
2024-06-28T19:59:29,580 | INFO  | features-3-thread-1 | FeaturesServiceImpl              | 19 - org.apache.karaf.features.core - 4.4.6 |       mvn:org.apache.karaf.shell/org.apache.karaf.shell.ssh/4.4.6
2024-06-28T19:59:29,580 | INFO  | features-3-thread-1 | FeaturesServiceImpl              | 19 - org.apache.karaf.features.core - 4.4.6 |       mvn:org.apache.karaf.system/org.apache.karaf.system.core/4.4.6
2024-06-28T19:59:29,580 | INFO  | features-3-thread-1 | FeaturesServiceImpl              | 19 - org.apache.karaf.features.core - 4.4.6 |       mvn:org.apache.sshd/sshd-osgi/2.12.1
2024-06-28T19:59:29,580 | INFO  | features-3-thread-1 | FeaturesServiceImpl              | 19 - org.apache.karaf.features.core - 4.4.6 |       mvn:org.apache.sshd/sshd-scp/2.12.1
2024-06-28T19:59:29,581 | INFO  | features-3-thread-1 | FeaturesServiceImpl              | 19 - org.apache.karaf.features.core - 4.4.6 |       mvn:org.apache.sshd/sshd-sftp/2.12.1
2024-06-28T19:59:29,581 | INFO  | features-3-thread-1 | FeaturesServiceImpl              | 19 - org.apache.karaf.features.core - 4.4.6 |       mvn:org.jline/jline/3.21.0
2024-06-28T19:59:29,581 | INFO  | features-3-thread-1 | FeaturesServiceImpl              | 19 - org.apache.karaf.features.core - 4.4.6 |       mvn:org.ops4j.pax.url/pax-url-wrap/2.6.14/jar/uber
2024-06-28T19:59:29,585 | INFO  | features-3-thread-1 | FeaturesServiceImpl              | 19 - org.apache.karaf.features.core - 4.4.6 | Installing bundles:
2024-06-28T19:59:29,585 | INFO  | features-3-thread-1 | FeaturesServiceImpl              | 19 - org.apache.karaf.features.core - 4.4.6 |   mvn:org.bouncycastle/bcpkix-jdk18on/1.77
2024-06-28T19:59:29,603 | INFO  | features-3-thread-1 | FeaturesServiceImpl              | 19 - org.apache.karaf.features.core - 4.4.6 |   mvn:org.bouncycastle/bcprov-jdk18on/1.77
2024-06-28T19:59:29,628 | INFO  | features-3-thread-1 | FeaturesServiceImpl              | 19 - org.apache.karaf.features.core - 4.4.6 |   mvn:org.bouncycastle/bcutil-jdk18on/1.77
2024-06-28T19:59:29,636 | INFO  | features-3-thread-1 | FeaturesServiceImpl              | 19 - org.apache.karaf.features.core - 4.4.6 |   mvn:org.apache.aries.jmx/org.apache.aries.jmx.api/1.1.5
2024-06-28T19:59:29,645 | INFO  | features-3-thread-1 | FeaturesServiceImpl              | 19 - org.apache.karaf.features.core - 4.4.6 |   mvn:org.apache.aries.jmx/org.apache.aries.jmx.core/1.1.8
2024-06-28T19:59:29,650 | INFO  | features-3-thread-1 | FeaturesServiceImpl              | 19 - org.apache.karaf.features.core - 4.4.6 |   mvn:org.apache.aries.jmx/org.apache.aries.jmx.whiteboard/1.2.0
2024-06-28T19:59:29,657 | INFO  | features-3-thread-1 | FeaturesServiceImpl              | 19 - org.apache.karaf.features.core - 4.4.6 |   mvn:org.apache.aries/org.apache.aries.util/1.1.3
2024-06-28T19:59:29,663 | INFO  | features-3-thread-1 | FeaturesServiceImpl              | 19 - org.apache.karaf.features.core - 4.4.6 |   mvn:org.apache.karaf.bundle/org.apache.karaf.bundle.core/4.4.6
2024-06-28T19:59:29,671 | INFO  | features-3-thread-1 | FeaturesServiceImpl              | 19 - org.apache.karaf.features.core - 4.4.6 |   mvn:org.apache.karaf.config/org.apache.karaf.config.command/4.4.6
2024-06-28T19:59:29,678 | INFO  | features-3-thread-1 | FeaturesServiceImpl              | 19 - org.apache.karaf.features.core - 4.4.6 |   mvn:org.apache.karaf.deployer/org.apache.karaf.deployer.features/4.4.6
2024-06-28T19:59:29,685 | INFO  | features-3-thread-1 | FeaturesServiceImpl              | 19 - org.apache.karaf.features.core - 4.4.6 |   mvn:org.apache.karaf.deployer/org.apache.karaf.deployer.kar/4.4.6
2024-06-28T19:59:29,690 | INFO  | features-3-thread-1 | FeaturesServiceImpl              | 19 - org.apache.karaf.features.core - 4.4.6 |   mvn:org.apache.karaf.deployer/org.apache.karaf.deployer.wrap/4.4.6
2024-06-28T19:59:29,695 | INFO  | features-3-thread-1 | FeaturesServiceImpl              | 19 - org.apache.karaf.features.core - 4.4.6 |   mvn:org.apache.karaf.diagnostic/org.apache.karaf.diagnostic.core/4.4.6
2024-06-28T19:59:29,701 | INFO  | features-3-thread-1 | FeaturesServiceImpl              | 19 - org.apache.karaf.features.core - 4.4.6 |   mvn:org.apache.karaf/org.apache.karaf.event/4.4.6
2024-06-28T19:59:29,707 | INFO  | features-3-thread-1 | FeaturesServiceImpl              | 19 - org.apache.karaf.features.core - 4.4.6 |   mvn:org.apache.karaf.features/org.apache.karaf.features.command/4.4.6
2024-06-28T19:59:29,713 | INFO  | features-3-thread-1 | FeaturesServiceImpl              | 19 - org.apache.karaf.features.core - 4.4.6 |   mvn:org.apache.karaf.instance/org.apache.karaf.instance.core/4.4.6
2024-06-28T19:59:29,722 | INFO  | features-3-thread-1 | FeaturesServiceImpl              | 19 - org.apache.karaf.features.core - 4.4.6 |   mvn:org.apache.karaf.jaas/org.apache.karaf.jaas.command/4.4.6
2024-06-28T19:59:29,730 | INFO  | features-3-thread-1 | FeaturesServiceImpl              | 19 - org.apache.karaf.features.core - 4.4.6 |   mvn:org.apache.karaf.jaas/org.apache.karaf.jaas.config/4.4.6
2024-06-28T19:59:29,737 | INFO  | features-3-thread-1 | FeaturesServiceImpl              | 19 - org.apache.karaf.features.core - 4.4.6 |   mvn:org.apache.karaf.jaas/org.apache.karaf.jaas.modules/4.4.6
2024-06-28T19:59:29,745 | INFO  | features-3-thread-1 | FeaturesServiceImpl              | 19 - org.apache.karaf.features.core - 4.4.6 |   mvn:org.apache.karaf.kar/org.apache.karaf.kar.core/4.4.6
2024-06-28T19:59:29,751 | INFO  | features-3-thread-1 | FeaturesServiceImpl              | 19 - org.apache.karaf.features.core - 4.4.6 |   mvn:org.apache.karaf.log/org.apache.karaf.log.core/4.4.6
2024-06-28T19:59:29,758 | INFO  | features-3-thread-1 | FeaturesServiceImpl              | 19 - org.apache.karaf.features.core - 4.4.6 |   mvn:org.apache.karaf.management/org.apache.karaf.management.server/4.4.6
2024-06-28T19:59:29,765 | INFO  | features-3-thread-1 | FeaturesServiceImpl              | 19 - org.apache.karaf.features.core - 4.4.6 |   mvn:org.apache.karaf.package/org.apache.karaf.package.core/4.4.6
2024-06-28T19:59:29,772 | INFO  | features-3-thread-1 | FeaturesServiceImpl              | 19 - org.apache.karaf.features.core - 4.4.6 |   mvn:org.apache.karaf.service/org.apache.karaf.service.core/4.4.6
2024-06-28T19:59:29,778 | INFO  | features-3-thread-1 | FeaturesServiceImpl              | 19 - org.apache.karaf.features.core - 4.4.6 |   mvn:org.apache.karaf.shell/org.apache.karaf.shell.commands/4.4.6
2024-06-28T19:59:29,784 | INFO  | features-3-thread-1 | FeaturesServiceImpl              | 19 - org.apache.karaf.features.core - 4.4.6 |   mvn:org.apache.karaf.shell/org.apache.karaf.shell.core/4.4.6
2024-06-28T19:59:29,791 | INFO  | features-3-thread-1 | FeaturesServiceImpl              | 19 - org.apache.karaf.features.core - 4.4.6 |   mvn:org.apache.karaf.shell/org.apache.karaf.shell.ssh/4.4.6
2024-06-28T19:59:29,798 | INFO  | features-3-thread-1 | FeaturesServiceImpl              | 19 - org.apache.karaf.features.core - 4.4.6 |   mvn:org.apache.karaf.system/org.apache.karaf.system.core/4.4.6
2024-06-28T19:59:29,806 | INFO  | features-3-thread-1 | FeaturesServiceImpl              | 19 - org.apache.karaf.features.core - 4.4.6 |   mvn:org.apache.sshd/sshd-osgi/2.12.1
2024-06-28T19:59:29,826 | INFO  | features-3-thread-1 | FeaturesServiceImpl              | 19 - org.apache.karaf.features.core - 4.4.6 |   mvn:org.apache.sshd/sshd-scp/2.12.1
2024-06-28T19:59:29,833 | INFO  | features-3-thread-1 | FeaturesServiceImpl              | 19 - org.apache.karaf.features.core - 4.4.6 |   mvn:org.apache.sshd/sshd-sftp/2.12.1
2024-06-28T19:59:29,849 | INFO  | features-3-thread-1 | FeaturesServiceImpl              | 19 - org.apache.karaf.features.core - 4.4.6 |   mvn:org.jline/jline/3.21.0
2024-06-28T19:59:29,857 | INFO  | features-3-thread-1 | FeaturesServiceImpl              | 19 - org.apache.karaf.features.core - 4.4.6 |   mvn:org.ops4j.pax.url/pax-url-wrap/2.6.14/jar/uber
2024-06-28T19:59:30,049 | INFO  | features-3-thread-1 | FeaturesServiceImpl              | 19 - org.apache.karaf.features.core - 4.4.6 | Starting bundles:
2024-06-28T19:59:30,051 | INFO  | features-3-thread-1 | FeaturesServiceImpl              | 19 - org.apache.karaf.features.core - 4.4.6 |   org.ops4j.pax.url.wrap/2.6.14
2024-06-28T19:59:30,060 | INFO  | features-3-thread-1 | FeaturesServiceImpl              | 19 - org.apache.karaf.features.core - 4.4.6 |   org.apache.aries.util/1.1.3
2024-06-28T19:59:30,062 | INFO  | features-3-thread-1 | FeaturesServiceImpl              | 19 - org.apache.karaf.features.core - 4.4.6 |   org.apache.karaf.deployer.kar/4.4.6
2024-06-28T19:59:30,068 | INFO  | features-3-thread-1 | FeaturesServiceImpl              | 19 - org.apache.karaf.features.core - 4.4.6 |   org.apache.karaf.deployer.wrap/4.4.6
2024-06-28T19:59:30,076 | INFO  | features-3-thread-1 | FeaturesServiceImpl              | 19 - org.apache.karaf.features.core - 4.4.6 |   org.apache.karaf.deployer.features/4.4.6
2024-06-28T19:59:30,092 | INFO  | features-3-thread-1 | FeaturesServiceImpl              | 19 - org.apache.karaf.features.core - 4.4.6 |   org.apache.karaf.jaas.config/4.4.6
2024-06-28T19:59:30,106 | INFO  | features-3-thread-1 | FeaturesServiceImpl              | 19 - org.apache.karaf.features.core - 4.4.6 |   org.apache.karaf.jaas.modules/4.4.6
2024-06-28T19:59:30,116 | INFO  | features-3-thread-1 | FeaturesServiceImpl              | 19 - org.apache.karaf.features.core - 4.4.6 |   bcprov/1.77.0
2024-06-28T19:59:30,119 | INFO  | features-3-thread-1 | FeaturesServiceImpl              | 19 - org.apache.karaf.features.core - 4.4.6 |   bcutil/1.77.0
2024-06-28T19:59:30,121 | INFO  | features-3-thread-1 | FeaturesServiceImpl              | 19 - org.apache.karaf.features.core - 4.4.6 |   bcpkix/1.77.0
2024-06-28T19:59:30,122 | INFO  | features-3-thread-1 | FeaturesServiceImpl              | 19 - org.apache.karaf.features.core - 4.4.6 |   org.apache.sshd.osgi/2.12.1
2024-06-28T19:59:30,123 | INFO  | features-3-thread-1 | FeaturesServiceImpl              | 19 - org.apache.karaf.features.core - 4.4.6 |   org.apache.sshd.scp/2.12.1
2024-06-28T19:59:30,124 | INFO  | features-3-thread-1 | FeaturesServiceImpl              | 19 - org.apache.karaf.features.core - 4.4.6 |   org.apache.sshd.sftp/2.12.1
2024-06-28T19:59:30,126 | INFO  | features-3-thread-1 | FeaturesServiceImpl              | 19 - org.apache.karaf.features.core - 4.4.6 |   org.jline/3.21.0
2024-06-28T19:59:30,127 | INFO  | features-3-thread-1 | FeaturesServiceImpl              | 19 - org.apache.karaf.features.core - 4.4.6 |   org.apache.karaf.shell.core/4.4.6
2024-06-28T19:59:30,312 | INFO  | features-3-thread-1 | CommandExtension                 | 45 - org.apache.karaf.shell.core - 4.4.6 | Registering commands for bundle org.apache.karaf.deployer.kar/4.4.6
2024-06-28T19:59:30,498 | INFO  | features-3-thread-1 | FeaturesServiceImpl              | 19 - org.apache.karaf.features.core - 4.4.6 |   org.apache.karaf.jaas.command/4.4.6
2024-06-28T19:59:30,533 | INFO  | features-3-thread-1 | CommandExtension                 | 45 - org.apache.karaf.shell.core - 4.4.6 | Registering commands for bundle org.apache.karaf.jaas.command/4.4.6
2024-06-28T19:59:30,536 | INFO  | features-3-thread-1 | CommandExtension                 | 45 - org.apache.karaf.shell.core - 4.4.6 | Updating commands for bundle org.apache.karaf.jaas.command/4.4.6
2024-06-28T19:59:30,541 | INFO  | features-3-thread-1 | CommandExtension                 | 45 - org.apache.karaf.shell.core - 4.4.6 | Updating commands for bundle org.apache.karaf.jaas.command/4.4.6
2024-06-28T19:59:30,542 | INFO  | features-3-thread-1 | FeaturesServiceImpl              | 19 - org.apache.karaf.features.core - 4.4.6 |   org.apache.karaf.shell.commands/4.4.6
2024-06-28T19:59:30,565 | INFO  | features-3-thread-1 | CommandExtension                 | 45 - org.apache.karaf.shell.core - 4.4.6 | Registering commands for bundle org.apache.karaf.shell.commands/4.4.6
2024-06-28T19:59:30,566 | INFO  | features-3-thread-1 | CommandExtension                 | 45 - org.apache.karaf.shell.core - 4.4.6 | Updating commands for bundle org.apache.karaf.shell.commands/4.4.6
2024-06-28T19:59:30,566 | INFO  | features-3-thread-1 | FeaturesServiceImpl              | 19 - org.apache.karaf.features.core - 4.4.6 |   org.apache.karaf.features.command/4.4.6
2024-06-28T19:59:30,600 | INFO  | features-3-thread-1 | CommandExtension                 | 45 - org.apache.karaf.shell.core - 4.4.6 | Registering commands for bundle org.apache.karaf.features.command/4.4.6
2024-06-28T19:59:30,602 | INFO  | features-3-thread-1 | FeaturesServiceImpl              | 19 - org.apache.karaf.features.core - 4.4.6 |   org.apache.aries.jmx.whiteboard/1.2.0
2024-06-28T19:59:30,611 | INFO  | features-3-thread-1 | FeaturesServiceImpl              | 19 - org.apache.karaf.features.core - 4.4.6 |   org.apache.karaf.kar.core/4.4.6
2024-06-28T19:59:30,622 | INFO  | features-3-thread-1 | CommandExtension                 | 45 - org.apache.karaf.shell.core - 4.4.6 | Command registration delayed for bundle org.apache.karaf.kar.core/4.4.6. Missing service: [org.apache.karaf.kar.KarService]
2024-06-28T19:59:30,624 | INFO  | activator-1-thread-1 | CommandExtension                 | 45 - org.apache.karaf.shell.core - 4.4.6 | Registering commands for bundle org.apache.karaf.kar.core/4.4.6
2024-06-28T19:59:30,625 | INFO  | features-3-thread-1 | FeaturesServiceImpl              | 19 - org.apache.karaf.features.core - 4.4.6 |   org.apache.karaf.log.core/4.4.6
2024-06-28T19:59:30,641 | INFO  | features-3-thread-1 | CommandExtension                 | 45 - org.apache.karaf.shell.core - 4.4.6 | Registering commands for bundle org.apache.karaf.log.core/4.4.6
2024-06-28T19:59:30,646 | INFO  | features-3-thread-1 | FeaturesServiceImpl              | 19 - org.apache.karaf.features.core - 4.4.6 |   org.apache.karaf.service.core/4.4.6
2024-06-28T19:59:30,660 | INFO  | features-3-thread-1 | CommandExtension                 | 45 - org.apache.karaf.shell.core - 4.4.6 | Registering commands for bundle org.apache.karaf.service.core/4.4.6
2024-06-28T19:59:30,661 | INFO  | features-3-thread-1 | FeaturesServiceImpl              | 19 - org.apache.karaf.features.core - 4.4.6 |   org.apache.karaf.management.server/4.4.6
2024-06-28T19:59:30,669 | INFO  | features-3-thread-1 | FeaturesServiceImpl              | 19 - org.apache.karaf.features.core - 4.4.6 |   org.apache.karaf.system.core/4.4.6
2024-06-28T19:59:30,672 | INFO  | activator-1-thread-1 | Activator                        | 41 - org.apache.karaf.management.server - 4.4.6 | Setting java.rmi.server.hostname system property to 127.0.0.1
2024-06-28T19:59:30,691 | INFO  | features-3-thread-1 | CommandExtension                 | 45 - org.apache.karaf.shell.core - 4.4.6 | Registering commands for bundle org.apache.karaf.system.core/4.4.6
2024-06-28T19:59:30,692 | INFO  | features-3-thread-1 | FeaturesServiceImpl              | 19 - org.apache.karaf.features.core - 4.4.6 |   org.apache.aries.jmx.api/1.1.5
2024-06-28T19:59:30,693 | INFO  | features-3-thread-1 | FeaturesServiceImpl              | 19 - org.apache.karaf.features.core - 4.4.6 |   org.apache.aries.jmx.core/1.1.8
2024-06-28T19:59:30,701 | INFO  | features-3-thread-1 | core                             | 24 - org.apache.aries.jmx.core - 1.1.8 | Starting JMX OSGi agent
2024-06-28T19:59:30,728 | INFO  | features-3-thread-1 | core                             | 24 - org.apache.aries.jmx.core - 1.1.8 | Registering MBean with ObjectName [osgi.compendium:service=cm,version=1.3,framework=org.apache.felix.framework,uuid=9c7e9611-e07d-4281-a449-b1b60e1f019e] for service with service.id [16]
2024-06-28T19:59:30,731 | INFO  | features-3-thread-1 | FeaturesServiceImpl              | 19 - org.apache.karaf.features.core - 4.4.6 |   org.apache.karaf.shell.ssh/4.4.6
2024-06-28T19:59:30,781 | INFO  | features-3-thread-1 | CommandExtension                 | 45 - org.apache.karaf.shell.core - 4.4.6 | Command registration delayed for bundle org.apache.karaf.shell.ssh/4.4.6. Missing service: [org.apache.sshd.server.SshServer]
2024-06-28T19:59:30,782 | INFO  | features-3-thread-1 | FeaturesServiceImpl              | 19 - org.apache.karaf.features.core - 4.4.6 |   org.apache.karaf.package.core/4.4.6
2024-06-28T19:59:30,799 | INFO  | features-3-thread-1 | CommandExtension                 | 45 - org.apache.karaf.shell.core - 4.4.6 | Registering commands for bundle org.apache.karaf.package.core/4.4.6
2024-06-28T19:59:30,799 | INFO  | features-3-thread-1 | FeaturesServiceImpl              | 19 - org.apache.karaf.features.core - 4.4.6 |   org.apache.karaf.instance.core/4.4.6
2024-06-28T19:59:30,856 | INFO  | features-3-thread-1 | CommandExtension                 | 45 - org.apache.karaf.shell.core - 4.4.6 | Registering commands for bundle org.apache.karaf.instance.core/4.4.6
2024-06-28T19:59:30,862 | INFO  | features-3-thread-1 | FeaturesServiceImpl              | 19 - org.apache.karaf.features.core - 4.4.6 |   org.apache.karaf.config.command/4.4.6
2024-06-28T19:59:30,879 | INFO  | features-3-thread-1 | CommandExtension                 | 45 - org.apache.karaf.shell.core - 4.4.6 | Registering commands for bundle org.apache.karaf.config.command/4.4.6
2024-06-28T19:59:30,915 | INFO  | features-3-thread-1 | FeaturesServiceImpl              | 19 - org.apache.karaf.features.core - 4.4.6 |   org.apache.karaf.bundle.core/4.4.6
2024-06-28T19:59:30,943 | INFO  | features-3-thread-1 | CommandExtension                 | 45 - org.apache.karaf.shell.core - 4.4.6 | Registering commands for bundle org.apache.karaf.bundle.core/4.4.6
2024-06-28T19:59:30,944 | INFO  | features-3-thread-1 | FeaturesServiceImpl              | 19 - org.apache.karaf.features.core - 4.4.6 |   org.apache.karaf.diagnostic.core/4.4.6
2024-06-28T19:59:30,956 | INFO  | activator-1-thread-1 | BouncyCastleSecurityProviderRegistrar | 48 - org.apache.sshd.osgi - 2.12.1 | getOrCreateProvider(BC) created instance of org.bouncycastle.jce.provider.BouncyCastleProvider
2024-06-28T19:59:30,956 | INFO  | features-3-thread-1 | CommandExtension                 | 45 - org.apache.karaf.shell.core - 4.4.6 | Registering commands for bundle org.apache.karaf.diagnostic.core/4.4.6
2024-06-28T19:59:30,958 | INFO  | features-3-thread-1 | FeaturesServiceImpl              | 19 - org.apache.karaf.features.core - 4.4.6 |   org.apache.karaf.event/4.4.6
2024-06-28T19:59:30,968 | INFO  | features-3-thread-1 | CommandExtension                 | 45 - org.apache.karaf.shell.core - 4.4.6 | Registering commands for bundle org.apache.karaf.event/4.4.6
2024-06-28T19:59:30,974 | INFO  | features-3-thread-1 | Activator                        | 29 - org.apache.karaf.deployer.features - 4.4.6 | Deployment finished. Registering FeatureDeploymentListener
2024-06-28T19:59:31,082 | INFO  | features-3-thread-1 | FeaturesServiceImpl              | 19 - org.apache.karaf.features.core - 4.4.6 | Done.
2024-06-28T19:59:31,840 | INFO  | activator-1-thread-1 | CommandExtension                 | 45 - org.apache.karaf.shell.core - 4.4.6 | Registering commands for bundle org.apache.karaf.shell.ssh/4.4.6
2024-06-28T19:59:31,853 | INFO  | activator-1-thread-1 | DefaultIoServiceFactoryFactory   | 48 - org.apache.sshd.osgi - 2.12.1 | No detected/configured IoServiceFactoryFactory; using Nio2ServiceFactoryFactory
2024-06-28T19:59:32,823 | INFO  | activator-1-thread-1 | core                             | 24 - org.apache.aries.jmx.core - 1.1.8 | Registering org.osgi.jmx.framework.wiring.BundleWiringStateMBean to MBeanServer org.apache.karaf.management.internal.EventAdminMBeanServerWrapper@2b8b6be5 with name osgi.core:type=wiringState,version=1.1,framework=org.apache.felix.framework,uuid=9c7e9611-e07d-4281-a449-b1b60e1f019e
2024-06-28T19:59:32,825 | INFO  | activator-1-thread-1 | core                             | 24 - org.apache.aries.jmx.core - 1.1.8 | Registering org.osgi.jmx.framework.FrameworkMBean to MBeanServer org.apache.karaf.management.internal.EventAdminMBeanServerWrapper@2b8b6be5 with name osgi.core:type=framework,version=1.7,framework=org.apache.felix.framework,uuid=9c7e9611-e07d-4281-a449-b1b60e1f019e
2024-06-28T19:59:32,825 | INFO  | activator-1-thread-1 | core                             | 24 - org.apache.aries.jmx.core - 1.1.8 | Registering org.osgi.jmx.service.cm.ConfigurationAdminMBean to MBeanServer org.apache.karaf.management.internal.EventAdminMBeanServerWrapper@2b8b6be5 with name osgi.compendium:service=cm,version=1.3,framework=org.apache.felix.framework,uuid=9c7e9611-e07d-4281-a449-b1b60e1f019e
2024-06-28T19:59:32,826 | INFO  | activator-1-thread-1 | core                             | 24 - org.apache.aries.jmx.core - 1.1.8 | Registering org.osgi.jmx.framework.BundleStateMBean to MBeanServer org.apache.karaf.management.internal.EventAdminMBeanServerWrapper@2b8b6be5 with name osgi.core:type=bundleState,version=1.7,framework=org.apache.felix.framework,uuid=9c7e9611-e07d-4281-a449-b1b60e1f019e
2024-06-28T19:59:32,829 | INFO  | activator-1-thread-1 | core                             | 24 - org.apache.aries.jmx.core - 1.1.8 | Registering org.osgi.jmx.framework.ServiceStateMBean to MBeanServer org.apache.karaf.management.internal.EventAdminMBeanServerWrapper@2b8b6be5 with name osgi.core:type=serviceState,version=1.7,framework=org.apache.felix.framework,uuid=9c7e9611-e07d-4281-a449-b1b60e1f019e
2024-06-28T19:59:32,830 | INFO  | activator-1-thread-1 | core                             | 24 - org.apache.aries.jmx.core - 1.1.8 | Registering org.osgi.jmx.framework.PackageStateMBean to MBeanServer org.apache.karaf.management.internal.EventAdminMBeanServerWrapper@2b8b6be5 with name osgi.core:type=packageState,version=1.5,framework=org.apache.felix.framework,uuid=9c7e9611-e07d-4281-a449-b1b60e1f019e
2024-06-28T20:33:09,987 | INFO  | fileinstall-C:\Users\USER\Downloads\apache-karaf-4.4.6\apache-karaf-4.4.6/deploy | fileinstall                      | 18 - org.apache.felix.fileinstall - 3.7.4 | Installing bundle karaf-rest-example-api / 4.4.6.javadoc
2024-06-28T20:33:10,078 | INFO  | fileinstall-C:\Users\USER\Downloads\apache-karaf-4.4.6\apache-karaf-4.4.6/deploy | fileinstall                      | 18 - org.apache.felix.fileinstall - 3.7.4 | Installing bundle org.apache.karaf.webconsole.features / 4.4.6.javadoc
2024-06-28T20:33:10,179 | INFO  | fileinstall-C:\Users\USER\Downloads\apache-karaf-4.4.6\apache-karaf-4.4.6/deploy | fileinstall                      | 18 - org.apache.felix.fileinstall - 3.7.4 | Started bundle: wrap:file:/C:/Users/USER/Downloads/apache-karaf-4.4.6/apache-karaf-4.4.6/deploy/org.apache.karaf.webconsole.features-4.4.6-javadoc.jar$Bundle-SymbolicName=org.apache.karaf.webconsole.features&Bundle-Version=4.4.6.javadoc
2024-06-28T20:33:10,186 | INFO  | fileinstall-C:\Users\USER\Downloads\apache-karaf-4.4.6\apache-karaf-4.4.6/deploy | fileinstall                      | 18 - org.apache.felix.fileinstall - 3.7.4 | Started bundle: wrap:file:/C:/Users/USER/Downloads/apache-karaf-4.4.6/apache-karaf-4.4.6/deploy/karaf-rest-example-api-4.4.6-javadoc.jar$Bundle-SymbolicName=karaf-rest-example-api&Bundle-Version=4.4.6.javadoc
jul 01, 2024 12:04:20 AM org.apache.karaf.main.lock.SimpleFileLock lock
INFORMACIÓN: Trying to lock C:\Users\USER\Downloads\apache-karaf-4.4.6\apache-karaf-4.4.6\lock
jul 01, 2024 12:04:20 AM org.apache.karaf.main.lock.SimpleFileLock lock
INFORMACIÓN: Lock acquired
jul 01, 2024 12:04:20 AM org.apache.karaf.main.Main$KarafLockCallback lockAcquired
INFORMACIÓN: Lock acquired. Setting startlevel to 100
2024-07-01T00:04:22,478 | INFO  | CM Configuration Updater (ManagedService Update: pid=[org.ops4j.pax.logging]) | EventAdminConfigurationNotifier  | 5 - org.ops4j.pax.logging.pax-logging-log4j2 - 2.2.7 | Sending Event Admin notification (configuration successful) to org/ops4j/pax/logging/Configuration
2024-07-01T00:04:22,506 | INFO  | activator-1-thread-2 | CommandExtension                 | 45 - org.apache.karaf.shell.core - 4.4.6 | Unregistering commands for bundle org.apache.karaf.log.core/4.4.6
2024-07-01T00:04:22,510 | INFO  | activator-1-thread-2 | CommandExtension                 | 45 - org.apache.karaf.shell.core - 4.4.6 | Registering commands for bundle org.apache.karaf.log.core/4.4.6
2024-07-01T00:04:22,913 | INFO  | activator-1-thread-1 | CommandExtension                 | 45 - org.apache.karaf.shell.core - 4.4.6 | Registering commands for bundle org.apache.karaf.shell.ssh/4.4.6
2024-07-01T00:04:22,928 | INFO  | activator-1-thread-1 | DefaultIoServiceFactoryFactory   | 48 - org.apache.sshd.osgi - 2.12.1 | No detected/configured IoServiceFactoryFactory; using Nio2ServiceFactoryFactory
2024-07-01T00:04:23,899 | INFO  | activator-1-thread-2 | CommandExtension                 | 45 - org.apache.karaf.shell.core - 4.4.6 | Registering commands for bundle org.apache.karaf.features.command/4.4.6
2024-07-01T00:04:23,906 | INFO  | activator-1-thread-3 | CommandExtension                 | 45 - org.apache.karaf.shell.core - 4.4.6 | Registering commands for bundle org.apache.karaf.kar.core/4.4.6
2024-07-01T00:04:23,906 | INFO  | activator-1-thread-2 | Activator                        | 29 - org.apache.karaf.deployer.features - 4.4.6 | Deployment finished. Registering FeatureDeploymentListener
2024-07-01T00:04:24,295 | INFO  | activator-1-thread-1 | core                             | 24 - org.apache.aries.jmx.core - 1.1.8 | Registering org.osgi.jmx.framework.BundleStateMBean to MBeanServer org.apache.karaf.management.internal.EventAdminMBeanServerWrapper@aecfec9 with name osgi.core:type=bundleState,version=1.7,framework=org.apache.felix.framework,uuid=b9551cce-5d03-4b2c-85b9-c1677b9d817e
2024-07-01T00:04:24,299 | INFO  | activator-1-thread-1 | core                             | 24 - org.apache.aries.jmx.core - 1.1.8 | Registering org.osgi.jmx.framework.FrameworkMBean to MBeanServer org.apache.karaf.management.internal.EventAdminMBeanServerWrapper@aecfec9 with name osgi.core:type=framework,version=1.7,framework=org.apache.felix.framework,uuid=b9551cce-5d03-4b2c-85b9-c1677b9d817e
2024-07-01T00:04:24,302 | INFO  | activator-1-thread-1 | core                             | 24 - org.apache.aries.jmx.core - 1.1.8 | Registering org.osgi.jmx.framework.wiring.BundleWiringStateMBean to MBeanServer org.apache.karaf.management.internal.EventAdminMBeanServerWrapper@aecfec9 with name osgi.core:type=wiringState,version=1.1,framework=org.apache.felix.framework,uuid=b9551cce-5d03-4b2c-85b9-c1677b9d817e
2024-07-01T00:04:24,305 | INFO  | activator-1-thread-1 | core                             | 24 - org.apache.aries.jmx.core - 1.1.8 | Registering org.osgi.jmx.framework.PackageStateMBean to MBeanServer org.apache.karaf.management.internal.EventAdminMBeanServerWrapper@aecfec9 with name osgi.core:type=packageState,version=1.5,framework=org.apache.felix.framework,uuid=b9551cce-5d03-4b2c-85b9-c1677b9d817e
2024-07-01T00:04:24,307 | INFO  | activator-1-thread-1 | core                             | 24 - org.apache.aries.jmx.core - 1.1.8 | Registering org.osgi.jmx.framework.ServiceStateMBean to MBeanServer org.apache.karaf.management.internal.EventAdminMBeanServerWrapper@aecfec9 with name osgi.core:type=serviceState,version=1.7,framework=org.apache.felix.framework,uuid=b9551cce-5d03-4b2c-85b9-c1677b9d817e
2024-07-01T00:04:24,309 | INFO  | activator-1-thread-1 | core                             | 24 - org.apache.aries.jmx.core - 1.1.8 | Registering org.osgi.jmx.service.cm.ConfigurationAdminMBean to MBeanServer org.apache.karaf.management.internal.EventAdminMBeanServerWrapper@aecfec9 with name osgi.compendium:service=cm,version=1.3,framework=org.apache.felix.framework,uuid=b9551cce-5d03-4b2c-85b9-c1677b9d817e
2024-07-01T00:04:24,323 | INFO  | activator-1-thread-1 | core                             | 24 - org.apache.aries.jmx.core - 1.1.8 | Unregistering org.osgi.jmx.framework.BundleStateMBean to MBeanServer org.apache.karaf.management.internal.EventAdminMBeanServerWrapper@aecfec9 with name osgi.core:type=bundleState,version=1.7,framework=org.apache.felix.framework,uuid=b9551cce-5d03-4b2c-85b9-c1677b9d817e
2024-07-01T00:04:24,324 | INFO  | activator-1-thread-1 | core                             | 24 - org.apache.aries.jmx.core - 1.1.8 | Unregistering org.osgi.jmx.framework.FrameworkMBean to MBeanServer org.apache.karaf.management.internal.EventAdminMBeanServerWrapper@aecfec9 with name osgi.core:type=framework,version=1.7,framework=org.apache.felix.framework,uuid=b9551cce-5d03-4b2c-85b9-c1677b9d817e
2024-07-01T00:04:24,325 | INFO  | activator-1-thread-1 | core                             | 24 - org.apache.aries.jmx.core - 1.1.8 | Unregistering org.osgi.jmx.framework.wiring.BundleWiringStateMBean to MBeanServer org.apache.karaf.management.internal.EventAdminMBeanServerWrapper@aecfec9 with name osgi.core:type=wiringState,version=1.1,framework=org.apache.felix.framework,uuid=b9551cce-5d03-4b2c-85b9-c1677b9d817e
2024-07-01T00:04:24,325 | INFO  | activator-1-thread-1 | core                             | 24 - org.apache.aries.jmx.core - 1.1.8 | Unregistering org.osgi.jmx.framework.PackageStateMBean to MBeanServer org.apache.karaf.management.internal.EventAdminMBeanServerWrapper@aecfec9 with name osgi.core:type=packageState,version=1.5,framework=org.apache.felix.framework,uuid=b9551cce-5d03-4b2c-85b9-c1677b9d817e
2024-07-01T00:04:24,326 | INFO  | activator-1-thread-1 | core                             | 24 - org.apache.aries.jmx.core - 1.1.8 | Unregistering org.osgi.jmx.framework.ServiceStateMBean to MBeanServer org.apache.karaf.management.internal.EventAdminMBeanServerWrapper@aecfec9 with name osgi.core:type=serviceState,version=1.7,framework=org.apache.felix.framework,uuid=b9551cce-5d03-4b2c-85b9-c1677b9d817e
2024-07-01T00:04:24,327 | INFO  | activator-1-thread-1 | core                             | 24 - org.apache.aries.jmx.core - 1.1.8 | Unregistering org.osgi.jmx.service.cm.ConfigurationAdminMBean to MBeanServer org.apache.karaf.management.internal.EventAdminMBeanServerWrapper@aecfec9 with name osgi.compendium:service=cm,version=1.3,framework=org.apache.felix.framework,uuid=b9551cce-5d03-4b2c-85b9-c1677b9d817e
2024-07-01T00:04:24,329 | WARN  | activator-1-thread-1 | core                             | 24 - org.apache.aries.jmx.core - 1.1.8 | Task rejected for JMX Notification dispatch of event [org.osgi.framework.ServiceEvent[source=[javax.management.MBeanServer]]] - Dispatcher may have been shutdown
2024-07-01T00:04:24,341 | WARN  | activator-1-thread-1 | Activator                        | 41 - org.apache.karaf.management.server - 4.4.6 | java.rmi.server.hostname system property is already set to 127.0.0.1. Apache Karaf doesn't override it
2024-07-01T00:04:24,394 | INFO  | fileinstall-C:\Users\USER\Downloads\apache-karaf-4.4.6\apache-karaf-4.4.6/deploy | fileinstall                      | 18 - org.apache.felix.fileinstall - 3.7.4 | Installing bundle notificationservice / 1.0.0.SNAPSHOT
2024-07-01T00:04:24,418 | INFO  | activator-1-thread-1 | core                             | 24 - org.apache.aries.jmx.core - 1.1.8 | Registering org.osgi.jmx.framework.BundleStateMBean to MBeanServer org.apache.karaf.management.internal.EventAdminMBeanServerWrapper@1b840308 with name osgi.core:type=bundleState,version=1.7,framework=org.apache.felix.framework,uuid=b9551cce-5d03-4b2c-85b9-c1677b9d817e
2024-07-01T00:04:24,420 | INFO  | activator-1-thread-1 | core                             | 24 - org.apache.aries.jmx.core - 1.1.8 | Registering org.osgi.jmx.framework.FrameworkMBean to MBeanServer org.apache.karaf.management.internal.EventAdminMBeanServerWrapper@1b840308 with name osgi.core:type=framework,version=1.7,framework=org.apache.felix.framework,uuid=b9551cce-5d03-4b2c-85b9-c1677b9d817e
2024-07-01T00:04:24,421 | INFO  | activator-1-thread-1 | core                             | 24 - org.apache.aries.jmx.core - 1.1.8 | Registering org.osgi.jmx.framework.wiring.BundleWiringStateMBean to MBeanServer org.apache.karaf.management.internal.EventAdminMBeanServerWrapper@1b840308 with name osgi.core:type=wiringState,version=1.1,framework=org.apache.felix.framework,uuid=b9551cce-5d03-4b2c-85b9-c1677b9d817e
2024-07-01T00:04:24,422 | INFO  | activator-1-thread-1 | core                             | 24 - org.apache.aries.jmx.core - 1.1.8 | Registering org.osgi.jmx.framework.PackageStateMBean to MBeanServer org.apache.karaf.management.internal.EventAdminMBeanServerWrapper@1b840308 with name osgi.core:type=packageState,version=1.5,framework=org.apache.felix.framework,uuid=b9551cce-5d03-4b2c-85b9-c1677b9d817e
2024-07-01T00:04:24,423 | INFO  | activator-1-thread-1 | core                             | 24 - org.apache.aries.jmx.core - 1.1.8 | Registering org.osgi.jmx.framework.ServiceStateMBean to MBeanServer org.apache.karaf.management.internal.EventAdminMBeanServerWrapper@1b840308 with name osgi.core:type=serviceState,version=1.7,framework=org.apache.felix.framework,uuid=b9551cce-5d03-4b2c-85b9-c1677b9d817e
2024-07-01T00:04:24,424 | INFO  | activator-1-thread-1 | core                             | 24 - org.apache.aries.jmx.core - 1.1.8 | Registering org.osgi.jmx.service.cm.ConfigurationAdminMBean to MBeanServer org.apache.karaf.management.internal.EventAdminMBeanServerWrapper@1b840308 with name osgi.compendium:service=cm,version=1.3,framework=org.apache.felix.framework,uuid=b9551cce-5d03-4b2c-85b9-c1677b9d817e
2024-07-01T00:04:24,430 | INFO  | fileinstall-C:\Users\USER\Downloads\apache-karaf-4.4.6\apache-karaf-4.4.6/deploy | fileinstall                      | 18 - org.apache.felix.fileinstall - 3.7.4 | Installing bundle usermanagement / 1.0.0.SNAPSHOT
2024-07-01T00:04:24,485 | INFO  | fileinstall-C:\Users\USER\Downloads\apache-karaf-4.4.6\apache-karaf-4.4.6/deploy | fileinstall                      | 18 - org.apache.felix.fileinstall - 3.7.4 | Started bundle: wrap:file:/C:/Users/USER/Downloads/apache-karaf-4.4.6/apache-karaf-4.4.6/deploy/usermanagement-1.0-SNAPSHOT.jar$Bundle-SymbolicName=usermanagement&Bundle-Version=1.0.0.SNAPSHOT
2024-07-01T00:04:24,499 | INFO  | fileinstall-C:\Users\USER\Downloads\apache-karaf-4.4.6\apache-karaf-4.4.6/deploy | fileinstall                      | 18 - org.apache.felix.fileinstall - 3.7.4 | Started bundle: wrap:file:/C:/Users/USER/Downloads/apache-karaf-4.4.6/apache-karaf-4.4.6/deploy/notificationservice-1.0-SNAPSHOT.jar$Bundle-SymbolicName=notificationservice&Bundle-Version=1.0.0.SNAPSHOT
jul 02, 2024 10:58:56 PM org.apache.karaf.main.lock.SimpleFileLock lock
INFORMACIÓN: Trying to lock C:\Users\USER\Downloads\apache-karaf-4.4.6\apache-karaf-4.4.6\lock
jul 02, 2024 10:58:56 PM org.apache.karaf.main.lock.SimpleFileLock lock
INFORMACIÓN: Lock acquired
jul 02, 2024 10:58:56 PM org.apache.karaf.main.Main$KarafLockCallback lockAcquired
INFORMACIÓN: Lock acquired. Setting startlevel to 100
2024-07-02T22:58:58,376 | INFO  | CM Configuration Updater (ManagedService Update: pid=[org.ops4j.pax.logging]) | EventAdminConfigurationNotifier  | 5 - org.ops4j.pax.logging.pax-logging-log4j2 - 2.2.7 | Sending Event Admin notification (configuration successful) to org/ops4j/pax/logging/Configuration
2024-07-02T22:58:58,399 | INFO  | activator-1-thread-2 | CommandExtension                 | 45 - org.apache.karaf.shell.core - 4.4.6 | Unregistering commands for bundle org.apache.karaf.log.core/4.4.6
2024-07-02T22:58:58,407 | INFO  | activator-1-thread-2 | CommandExtension                 | 45 - org.apache.karaf.shell.core - 4.4.6 | Registering commands for bundle org.apache.karaf.log.core/4.4.6
2024-07-02T22:58:58,902 | INFO  | activator-1-thread-1 | CommandExtension                 | 45 - org.apache.karaf.shell.core - 4.4.6 | Registering commands for bundle org.apache.karaf.shell.ssh/4.4.6
2024-07-02T22:58:58,914 | INFO  | activator-1-thread-1 | DefaultIoServiceFactoryFactory   | 48 - org.apache.sshd.osgi - 2.12.1 | No detected/configured IoServiceFactoryFactory; using Nio2ServiceFactoryFactory
2024-07-02T22:58:59,854 | INFO  | activator-1-thread-2 | CommandExtension                 | 45 - org.apache.karaf.shell.core - 4.4.6 | Registering commands for bundle org.apache.karaf.features.command/4.4.6
2024-07-02T22:58:59,859 | INFO  | activator-1-thread-2 | Activator                        | 29 - org.apache.karaf.deployer.features - 4.4.6 | Deployment finished. Registering FeatureDeploymentListener
2024-07-02T22:58:59,863 | INFO  | activator-1-thread-3 | CommandExtension                 | 45 - org.apache.karaf.shell.core - 4.4.6 | Registering commands for bundle org.apache.karaf.kar.core/4.4.6
2024-07-02T22:59:00,026 | INFO  | activator-1-thread-1 | core                             | 24 - org.apache.aries.jmx.core - 1.1.8 | Registering org.osgi.jmx.framework.BundleStateMBean to MBeanServer org.apache.karaf.management.internal.EventAdminMBeanServerWrapper@5872d8fe with name osgi.core:type=bundleState,version=1.7,framework=org.apache.felix.framework,uuid=8c7f6720-5dd8-4563-b7fd-582f4b35a146
2024-07-02T22:59:00,033 | INFO  | activator-1-thread-1 | core                             | 24 - org.apache.aries.jmx.core - 1.1.8 | Registering org.osgi.jmx.framework.FrameworkMBean to MBeanServer org.apache.karaf.management.internal.EventAdminMBeanServerWrapper@5872d8fe with name osgi.core:type=framework,version=1.7,framework=org.apache.felix.framework,uuid=8c7f6720-5dd8-4563-b7fd-582f4b35a146
2024-07-02T22:59:00,036 | INFO  | activator-1-thread-1 | core                             | 24 - org.apache.aries.jmx.core - 1.1.8 | Registering org.osgi.jmx.framework.PackageStateMBean to MBeanServer org.apache.karaf.management.internal.EventAdminMBeanServerWrapper@5872d8fe with name osgi.core:type=packageState,version=1.5,framework=org.apache.felix.framework,uuid=8c7f6720-5dd8-4563-b7fd-582f4b35a146
2024-07-02T22:59:00,038 | INFO  | activator-1-thread-1 | core                             | 24 - org.apache.aries.jmx.core - 1.1.8 | Registering org.osgi.jmx.service.cm.ConfigurationAdminMBean to MBeanServer org.apache.karaf.management.internal.EventAdminMBeanServerWrapper@5872d8fe with name osgi.compendium:service=cm,version=1.3,framework=org.apache.felix.framework,uuid=8c7f6720-5dd8-4563-b7fd-582f4b35a146
2024-07-02T22:59:00,040 | INFO  | activator-1-thread-1 | core                             | 24 - org.apache.aries.jmx.core - 1.1.8 | Registering org.osgi.jmx.framework.ServiceStateMBean to MBeanServer org.apache.karaf.management.internal.EventAdminMBeanServerWrapper@5872d8fe with name osgi.core:type=serviceState,version=1.7,framework=org.apache.felix.framework,uuid=8c7f6720-5dd8-4563-b7fd-582f4b35a146
2024-07-02T22:59:00,042 | INFO  | activator-1-thread-1 | core                             | 24 - org.apache.aries.jmx.core - 1.1.8 | Registering org.osgi.jmx.framework.wiring.BundleWiringStateMBean to MBeanServer org.apache.karaf.management.internal.EventAdminMBeanServerWrapper@5872d8fe with name osgi.core:type=wiringState,version=1.1,framework=org.apache.felix.framework,uuid=8c7f6720-5dd8-4563-b7fd-582f4b35a146
2024-07-02T22:59:00,138 | INFO  | activator-1-thread-1 | core                             | 24 - org.apache.aries.jmx.core - 1.1.8 | Unregistering org.osgi.jmx.framework.BundleStateMBean to MBeanServer org.apache.karaf.management.internal.EventAdminMBeanServerWrapper@5872d8fe with name osgi.core:type=bundleState,version=1.7,framework=org.apache.felix.framework,uuid=8c7f6720-5dd8-4563-b7fd-582f4b35a146
2024-07-02T22:59:00,139 | INFO  | activator-1-thread-1 | core                             | 24 - org.apache.aries.jmx.core - 1.1.8 | Unregistering org.osgi.jmx.framework.FrameworkMBean to MBeanServer org.apache.karaf.management.internal.EventAdminMBeanServerWrapper@5872d8fe with name osgi.core:type=framework,version=1.7,framework=org.apache.felix.framework,uuid=8c7f6720-5dd8-4563-b7fd-582f4b35a146
2024-07-02T22:59:00,140 | INFO  | activator-1-thread-1 | core                             | 24 - org.apache.aries.jmx.core - 1.1.8 | Unregistering org.osgi.jmx.framework.PackageStateMBean to MBeanServer org.apache.karaf.management.internal.EventAdminMBeanServerWrapper@5872d8fe with name osgi.core:type=packageState,version=1.5,framework=org.apache.felix.framework,uuid=8c7f6720-5dd8-4563-b7fd-582f4b35a146
2024-07-02T22:59:00,140 | INFO  | activator-1-thread-1 | core                             | 24 - org.apache.aries.jmx.core - 1.1.8 | Unregistering org.osgi.jmx.service.cm.ConfigurationAdminMBean to MBeanServer org.apache.karaf.management.internal.EventAdminMBeanServerWrapper@5872d8fe with name osgi.compendium:service=cm,version=1.3,framework=org.apache.felix.framework,uuid=8c7f6720-5dd8-4563-b7fd-582f4b35a146
2024-07-02T22:59:00,141 | INFO  | activator-1-thread-1 | core                             | 24 - org.apache.aries.jmx.core - 1.1.8 | Unregistering org.osgi.jmx.framework.ServiceStateMBean to MBeanServer org.apache.karaf.management.internal.EventAdminMBeanServerWrapper@5872d8fe with name osgi.core:type=serviceState,version=1.7,framework=org.apache.felix.framework,uuid=8c7f6720-5dd8-4563-b7fd-582f4b35a146
2024-07-02T22:59:00,142 | INFO  | activator-1-thread-1 | core                             | 24 - org.apache.aries.jmx.core - 1.1.8 | Unregistering org.osgi.jmx.framework.wiring.BundleWiringStateMBean to MBeanServer org.apache.karaf.management.internal.EventAdminMBeanServerWrapper@5872d8fe with name osgi.core:type=wiringState,version=1.1,framework=org.apache.felix.framework,uuid=8c7f6720-5dd8-4563-b7fd-582f4b35a146
2024-07-02T22:59:00,143 | WARN  | activator-1-thread-1 | core                             | 24 - org.apache.aries.jmx.core - 1.1.8 | Task rejected for JMX Notification dispatch of event [org.osgi.framework.ServiceEvent[source=[javax.management.MBeanServer]]] - Dispatcher may have been shutdown
2024-07-02T22:59:00,152 | WARN  | activator-1-thread-1 | Activator                        | 41 - org.apache.karaf.management.server - 4.4.6 | java.rmi.server.hostname system property is already set to 127.0.0.1. Apache Karaf doesn't override it
2024-07-02T22:59:00,165 | INFO  | activator-1-thread-1 | core                             | 24 - org.apache.aries.jmx.core - 1.1.8 | Registering org.osgi.jmx.framework.BundleStateMBean to MBeanServer org.apache.karaf.management.internal.EventAdminMBeanServerWrapper@55388256 with name osgi.core:type=bundleState,version=1.7,framework=org.apache.felix.framework,uuid=8c7f6720-5dd8-4563-b7fd-582f4b35a146
2024-07-02T22:59:00,166 | INFO  | activator-1-thread-1 | core                             | 24 - org.apache.aries.jmx.core - 1.1.8 | Registering org.osgi.jmx.framework.FrameworkMBean to MBeanServer org.apache.karaf.management.internal.EventAdminMBeanServerWrapper@55388256 with name osgi.core:type=framework,version=1.7,framework=org.apache.felix.framework,uuid=8c7f6720-5dd8-4563-b7fd-582f4b35a146
2024-07-02T22:59:00,167 | INFO  | activator-1-thread-1 | core                             | 24 - org.apache.aries.jmx.core - 1.1.8 | Registering org.osgi.jmx.framework.PackageStateMBean to MBeanServer org.apache.karaf.management.internal.EventAdminMBeanServerWrapper@55388256 with name osgi.core:type=packageState,version=1.5,framework=org.apache.felix.framework,uuid=8c7f6720-5dd8-4563-b7fd-582f4b35a146
2024-07-02T22:59:00,167 | INFO  | activator-1-thread-1 | core                             | 24 - org.apache.aries.jmx.core - 1.1.8 | Registering org.osgi.jmx.service.cm.ConfigurationAdminMBean to MBeanServer org.apache.karaf.management.internal.EventAdminMBeanServerWrapper@55388256 with name osgi.compendium:service=cm,version=1.3,framework=org.apache.felix.framework,uuid=8c7f6720-5dd8-4563-b7fd-582f4b35a146
2024-07-02T22:59:00,168 | INFO  | activator-1-thread-1 | core                             | 24 - org.apache.aries.jmx.core - 1.1.8 | Registering org.osgi.jmx.framework.ServiceStateMBean to MBeanServer org.apache.karaf.management.internal.EventAdminMBeanServerWrapper@55388256 with name osgi.core:type=serviceState,version=1.7,framework=org.apache.felix.framework,uuid=8c7f6720-5dd8-4563-b7fd-582f4b35a146
2024-07-02T22:59:00,169 | INFO  | activator-1-thread-1 | core                             | 24 - org.apache.aries.jmx.core - 1.1.8 | Registering org.osgi.jmx.framework.wiring.BundleWiringStateMBean to MBeanServer org.apache.karaf.management.internal.EventAdminMBeanServerWrapper@55388256 with name osgi.core:type=wiringState,version=1.1,framework=org.apache.felix.framework,uuid=8c7f6720-5dd8-4563-b7fd-582f4b35a146
jul 02, 2024 11:42:03 PM org.apache.karaf.main.lock.SimpleFileLock lock
INFORMACIÓN: Trying to lock C:\Users\USER\Downloads\apache-karaf-4.4.6\apache-karaf-4.4.6\lock
jul 02, 2024 11:42:03 PM org.apache.karaf.main.lock.SimpleFileLock lock
INFORMACIÓN: Lock acquired
jul 02, 2024 11:42:03 PM org.apache.karaf.main.Main$KarafLockCallback lockAcquired
INFORMACIÓN: Lock acquired. Setting startlevel to 100
2024-07-02T23:42:04,239 | INFO  | CM Configuration Updater (ManagedService Update: pid=[org.ops4j.pax.logging]) | EventAdminConfigurationNotifier  | 5 - org.ops4j.pax.logging.pax-logging-log4j2 - 2.2.7 | Sending Event Admin notification (configuration successful) to org/ops4j/pax/logging/Configuration
2024-07-02T23:42:04,406 | INFO  | FelixStartLevel  | core                             | 24 - org.apache.aries.jmx.core - 1.1.8 | Starting JMX OSGi agent
2024-07-02T23:42:04,434 | INFO  | FelixStartLevel  | core                             | 24 - org.apache.aries.jmx.core - 1.1.8 | Registering MBean with ObjectName [osgi.compendium:service=cm,version=1.3,framework=org.apache.felix.framework,uuid=cf662858-4376-41e7-b9dc-150a4f3ded41] for service with service.id [17]
2024-07-02T23:42:04,675 | INFO  | activator-1-thread-1 | Activator                        | 41 - org.apache.karaf.management.server - 4.4.6 | Setting java.rmi.server.hostname system property to 127.0.0.1
2024-07-02T23:42:04,818 | INFO  | FelixStartLevel  | CommandExtension                 | 45 - org.apache.karaf.shell.core - 4.4.6 | Registering commands for bundle org.apache.karaf.bundle.core/4.4.6
2024-07-02T23:42:04,833 | INFO  | FelixStartLevel  | CommandExtension                 | 45 - org.apache.karaf.shell.core - 4.4.6 | Registering commands for bundle org.apache.karaf.config.command/4.4.6
2024-07-02T23:42:04,884 | INFO  | FelixStartLevel  | CommandExtension                 | 45 - org.apache.karaf.shell.core - 4.4.6 | Registering commands for bundle org.apache.karaf.deployer.kar/4.4.6
2024-07-02T23:42:04,886 | INFO  | FelixStartLevel  | CommandExtension                 | 45 - org.apache.karaf.shell.core - 4.4.6 | Registering commands for bundle org.apache.karaf.diagnostic.core/4.4.6
2024-07-02T23:42:04,908 | INFO  | FelixStartLevel  | CommandExtension                 | 45 - org.apache.karaf.shell.core - 4.4.6 | Command registration delayed for bundle org.apache.karaf.features.command/4.4.6. Missing service: [org.apache.karaf.features.FeaturesService, org.eclipse.equinox.region.RegionDigraph, org.ops4j.pax.url.mvn.MavenResolver]
2024-07-02T23:42:04,924 | INFO  | FelixStartLevel  | CommandExtension                 | 45 - org.apache.karaf.shell.core - 4.4.6 | Registering commands for bundle org.apache.karaf.instance.core/4.4.6
2024-07-02T23:42:04,944 | INFO  | FelixStartLevel  | CommandExtension                 | 45 - org.apache.karaf.shell.core - 4.4.6 | Registering commands for bundle org.apache.karaf.jaas.command/4.4.6
2024-07-02T23:42:04,946 | INFO  | FelixStartLevel  | CommandExtension                 | 45 - org.apache.karaf.shell.core - 4.4.6 | Updating commands for bundle org.apache.karaf.jaas.command/4.4.6
2024-07-02T23:42:04,948 | INFO  | FelixStartLevel  | CommandExtension                 | 45 - org.apache.karaf.shell.core - 4.4.6 | Updating commands for bundle org.apache.karaf.jaas.command/4.4.6
2024-07-02T23:42:04,954 | INFO  | FelixStartLevel  | CommandExtension                 | 45 - org.apache.karaf.shell.core - 4.4.6 | Command registration delayed for bundle org.apache.karaf.kar.core/4.4.6. Missing service: [org.apache.karaf.kar.KarService]
2024-07-02T23:42:04,961 | INFO  | FelixStartLevel  | CommandExtension                 | 45 - org.apache.karaf.shell.core - 4.4.6 | Registering commands for bundle org.apache.karaf.log.core/4.4.6
2024-07-02T23:42:04,964 | INFO  | FelixStartLevel  | CommandExtension                 | 45 - org.apache.karaf.shell.core - 4.4.6 | Registering commands for bundle org.apache.karaf.package.core/4.4.6
2024-07-02T23:42:04,969 | INFO  | FelixStartLevel  | CommandExtension                 | 45 - org.apache.karaf.shell.core - 4.4.6 | Registering commands for bundle org.apache.karaf.service.core/4.4.6
2024-07-02T23:42:04,984 | INFO  | FelixStartLevel  | CommandExtension                 | 45 - org.apache.karaf.shell.core - 4.4.6 | Registering commands for bundle org.apache.karaf.shell.commands/4.4.6
2024-07-02T23:42:04,985 | INFO  | FelixStartLevel  | CommandExtension                 | 45 - org.apache.karaf.shell.core - 4.4.6 | Updating commands for bundle org.apache.karaf.shell.commands/4.4.6
2024-07-02T23:42:05,283 | INFO  | FelixStartLevel  | CommandExtension                 | 45 - org.apache.karaf.shell.core - 4.4.6 | Command registration delayed for bundle org.apache.karaf.shell.ssh/4.4.6. Missing service: [org.apache.sshd.server.SshServer]
2024-07-02T23:42:05,298 | INFO  | FelixStartLevel  | CommandExtension                 | 45 - org.apache.karaf.shell.core - 4.4.6 | Registering commands for bundle org.apache.karaf.system.core/4.4.6
2024-07-02T23:42:05,311 | INFO  | FelixStartLevel  | CommandExtension                 | 45 - org.apache.karaf.shell.core - 4.4.6 | Registering commands for bundle org.apache.karaf.event/4.4.6
2024-07-02T23:42:05,622 | INFO  | activator-1-thread-1 | BouncyCastleSecurityProviderRegistrar | 48 - org.apache.sshd.osgi - 2.12.1 | getOrCreateProvider(BC) created instance of org.bouncycastle.jce.provider.BouncyCastleProvider
2024-07-02T23:42:06,067 | INFO  | activator-1-thread-2 | CommandExtension                 | 45 - org.apache.karaf.shell.core - 4.4.6 | Unregistering commands for bundle org.apache.karaf.log.core/4.4.6
2024-07-02T23:42:06,074 | INFO  | activator-1-thread-2 | CommandExtension                 | 45 - org.apache.karaf.shell.core - 4.4.6 | Registering commands for bundle org.apache.karaf.log.core/4.4.6
2024-07-02T23:42:06,873 | INFO  | activator-1-thread-1 | CommandExtension                 | 45 - org.apache.karaf.shell.core - 4.4.6 | Registering commands for bundle org.apache.karaf.shell.ssh/4.4.6
2024-07-02T23:42:06,890 | INFO  | activator-1-thread-1 | DefaultIoServiceFactoryFactory   | 48 - org.apache.sshd.osgi - 2.12.1 | No detected/configured IoServiceFactoryFactory; using Nio2ServiceFactoryFactory
2024-07-02T23:42:07,118 | INFO  | activator-1-thread-2 | CommandExtension                 | 45 - org.apache.karaf.shell.core - 4.4.6 | Registering commands for bundle org.apache.karaf.features.command/4.4.6
2024-07-02T23:42:07,122 | INFO  | activator-1-thread-2 | Activator                        | 29 - org.apache.karaf.deployer.features - 4.4.6 | Deployment finished. Registering FeatureDeploymentListener
2024-07-02T23:42:07,122 | INFO  | activator-1-thread-3 | CommandExtension                 | 45 - org.apache.karaf.shell.core - 4.4.6 | Registering commands for bundle org.apache.karaf.kar.core/4.4.6
2024-07-02T23:42:07,730 | INFO  | activator-1-thread-1 | core                             | 24 - org.apache.aries.jmx.core - 1.1.8 | Registering org.osgi.jmx.framework.wiring.BundleWiringStateMBean to MBeanServer org.apache.karaf.management.internal.EventAdminMBeanServerWrapper@727c82dd with name osgi.core:type=wiringState,version=1.1,framework=org.apache.felix.framework,uuid=cf662858-4376-41e7-b9dc-150a4f3ded41
2024-07-02T23:42:07,731 | INFO  | activator-1-thread-1 | core                             | 24 - org.apache.aries.jmx.core - 1.1.8 | Registering org.osgi.jmx.service.cm.ConfigurationAdminMBean to MBeanServer org.apache.karaf.management.internal.EventAdminMBeanServerWrapper@727c82dd with name osgi.compendium:service=cm,version=1.3,framework=org.apache.felix.framework,uuid=cf662858-4376-41e7-b9dc-150a4f3ded41
2024-07-02T23:42:07,731 | INFO  | activator-1-thread-1 | core                             | 24 - org.apache.aries.jmx.core - 1.1.8 | Registering org.osgi.jmx.framework.FrameworkMBean to MBeanServer org.apache.karaf.management.internal.EventAdminMBeanServerWrapper@727c82dd with name osgi.core:type=framework,version=1.7,framework=org.apache.felix.framework,uuid=cf662858-4376-41e7-b9dc-150a4f3ded41
2024-07-02T23:42:07,732 | INFO  | activator-1-thread-1 | core                             | 24 - org.apache.aries.jmx.core - 1.1.8 | Registering org.osgi.jmx.framework.ServiceStateMBean to MBeanServer org.apache.karaf.management.internal.EventAdminMBeanServerWrapper@727c82dd with name osgi.core:type=serviceState,version=1.7,framework=org.apache.felix.framework,uuid=cf662858-4376-41e7-b9dc-150a4f3ded41
2024-07-02T23:42:07,734 | INFO  | activator-1-thread-1 | core                             | 24 - org.apache.aries.jmx.core - 1.1.8 | Registering org.osgi.jmx.framework.PackageStateMBean to MBeanServer org.apache.karaf.management.internal.EventAdminMBeanServerWrapper@727c82dd with name osgi.core:type=packageState,version=1.5,framework=org.apache.felix.framework,uuid=cf662858-4376-41e7-b9dc-150a4f3ded41
2024-07-02T23:42:07,735 | INFO  | activator-1-thread-1 | core                             | 24 - org.apache.aries.jmx.core - 1.1.8 | Registering org.osgi.jmx.framework.BundleStateMBean to MBeanServer org.apache.karaf.management.internal.EventAdminMBeanServerWrapper@727c82dd with name osgi.core:type=bundleState,version=1.7,framework=org.apache.felix.framework,uuid=cf662858-4376-41e7-b9dc-150a4f3ded41
2024-07-02T23:42:07,745 | INFO  | activator-1-thread-1 | core                             | 24 - org.apache.aries.jmx.core - 1.1.8 | Unregistering org.osgi.jmx.framework.wiring.BundleWiringStateMBean to MBeanServer org.apache.karaf.management.internal.EventAdminMBeanServerWrapper@727c82dd with name osgi.core:type=wiringState,version=1.1,framework=org.apache.felix.framework,uuid=cf662858-4376-41e7-b9dc-150a4f3ded41
2024-07-02T23:42:07,746 | INFO  | activator-1-thread-1 | core                             | 24 - org.apache.aries.jmx.core - 1.1.8 | Unregistering org.osgi.jmx.service.cm.ConfigurationAdminMBean to MBeanServer org.apache.karaf.management.internal.EventAdminMBeanServerWrapper@727c82dd with name osgi.compendium:service=cm,version=1.3,framework=org.apache.felix.framework,uuid=cf662858-4376-41e7-b9dc-150a4f3ded41
2024-07-02T23:42:07,747 | INFO  | activator-1-thread-1 | core                             | 24 - org.apache.aries.jmx.core - 1.1.8 | Unregistering org.osgi.jmx.framework.FrameworkMBean to MBeanServer org.apache.karaf.management.internal.EventAdminMBeanServerWrapper@727c82dd with name osgi.core:type=framework,version=1.7,framework=org.apache.felix.framework,uuid=cf662858-4376-41e7-b9dc-150a4f3ded41
2024-07-02T23:42:07,747 | INFO  | activator-1-thread-1 | core                             | 24 - org.apache.aries.jmx.core - 1.1.8 | Unregistering org.osgi.jmx.framework.ServiceStateMBean to MBeanServer org.apache.karaf.management.internal.EventAdminMBeanServerWrapper@727c82dd with name osgi.core:type=serviceState,version=1.7,framework=org.apache.felix.framework,uuid=cf662858-4376-41e7-b9dc-150a4f3ded41
2024-07-02T23:42:07,749 | INFO  | activator-1-thread-1 | core                             | 24 - org.apache.aries.jmx.core - 1.1.8 | Unregistering org.osgi.jmx.framework.PackageStateMBean to MBeanServer org.apache.karaf.management.internal.EventAdminMBeanServerWrapper@727c82dd with name osgi.core:type=packageState,version=1.5,framework=org.apache.felix.framework,uuid=cf662858-4376-41e7-b9dc-150a4f3ded41
2024-07-02T23:42:07,749 | INFO  | activator-1-thread-1 | core                             | 24 - org.apache.aries.jmx.core - 1.1.8 | Unregistering org.osgi.jmx.framework.BundleStateMBean to MBeanServer org.apache.karaf.management.internal.EventAdminMBeanServerWrapper@727c82dd with name osgi.core:type=bundleState,version=1.7,framework=org.apache.felix.framework,uuid=cf662858-4376-41e7-b9dc-150a4f3ded41
2024-07-02T23:42:07,751 | WARN  | activator-1-thread-1 | core                             | 24 - org.apache.aries.jmx.core - 1.1.8 | Task rejected for JMX Notification dispatch of event [org.osgi.framework.ServiceEvent[source=[javax.management.MBeanServer]]] - Dispatcher may have been shutdown
2024-07-02T23:42:07,758 | WARN  | activator-1-thread-1 | Activator                        | 41 - org.apache.karaf.management.server - 4.4.6 | java.rmi.server.hostname system property is already set to 127.0.0.1. Apache Karaf doesn't override it
2024-07-02T23:42:07,810 | INFO  | activator-1-thread-1 | core                             | 24 - org.apache.aries.jmx.core - 1.1.8 | Registering org.osgi.jmx.framework.wiring.BundleWiringStateMBean to MBeanServer org.apache.karaf.management.internal.EventAdminMBeanServerWrapper@1efdbf64 with name osgi.core:type=wiringState,version=1.1,framework=org.apache.felix.framework,uuid=cf662858-4376-41e7-b9dc-150a4f3ded41
2024-07-02T23:42:07,810 | INFO  | activator-1-thread-1 | core                             | 24 - org.apache.aries.jmx.core - 1.1.8 | Registering org.osgi.jmx.service.cm.ConfigurationAdminMBean to MBeanServer org.apache.karaf.management.internal.EventAdminMBeanServerWrapper@1efdbf64 with name osgi.compendium:service=cm,version=1.3,framework=org.apache.felix.framework,uuid=cf662858-4376-41e7-b9dc-150a4f3ded41
2024-07-02T23:42:07,811 | INFO  | activator-1-thread-1 | core                             | 24 - org.apache.aries.jmx.core - 1.1.8 | Registering org.osgi.jmx.framework.FrameworkMBean to MBeanServer org.apache.karaf.management.internal.EventAdminMBeanServerWrapper@1efdbf64 with name osgi.core:type=framework,version=1.7,framework=org.apache.felix.framework,uuid=cf662858-4376-41e7-b9dc-150a4f3ded41
2024-07-02T23:42:07,811 | INFO  | activator-1-thread-1 | core                             | 24 - org.apache.aries.jmx.core - 1.1.8 | Registering org.osgi.jmx.framework.ServiceStateMBean to MBeanServer org.apache.karaf.management.internal.EventAdminMBeanServerWrapper@1efdbf64 with name osgi.core:type=serviceState,version=1.7,framework=org.apache.felix.framework,uuid=cf662858-4376-41e7-b9dc-150a4f3ded41
2024-07-02T23:42:07,811 | INFO  | activator-1-thread-1 | core                             | 24 - org.apache.aries.jmx.core - 1.1.8 | Registering org.osgi.jmx.framework.PackageStateMBean to MBeanServer org.apache.karaf.management.internal.EventAdminMBeanServerWrapper@1efdbf64 with name osgi.core:type=packageState,version=1.5,framework=org.apache.felix.framework,uuid=cf662858-4376-41e7-b9dc-150a4f3ded41
2024-07-02T23:42:07,811 | INFO  | activator-1-thread-1 | core                             | 24 - org.apache.aries.jmx.core - 1.1.8 | Registering org.osgi.jmx.framework.BundleStateMBean to MBeanServer org.apache.karaf.management.internal.EventAdminMBeanServerWrapper@1efdbf64 with name osgi.core:type=bundleState,version=1.7,framework=org.apache.felix.framework,uuid=cf662858-4376-41e7-b9dc-150a4f3ded41
jul 03, 2024 1:40:35 AM org.apache.karaf.main.lock.SimpleFileLock lock
INFORMACIÓN: Trying to lock C:\Users\USER\Desktop\OSGIA\apache-karaf-4.4.6\apache-karaf-4.4.6\lock
jul 03, 2024 1:40:35 AM org.apache.karaf.main.lock.SimpleFileLock lock
INFORMACIÓN: Lock acquired
jul 03, 2024 1:40:35 AM org.apache.karaf.main.Main$KarafLockCallback lockAcquired
INFORMACIÓN: Lock acquired. Setting startlevel to 100
2024-07-03T01:40:38,451 | INFO  | CM Configuration Updater (Update: pid=org.ops4j.pax.logging) | EventAdminConfigurationNotifier  | 5 - org.ops4j.pax.logging.pax-logging-log4j2 - 2.2.7 | Sending Event Admin notification (configuration successful) to org/ops4j/pax/logging/Configuration
2024-07-03T01:40:38,458 | INFO  | activator-1-thread-2 | CommandExtension                 | 45 - org.apache.karaf.shell.core - 4.4.6 | Unregistering commands for bundle org.apache.karaf.log.core/4.4.6
2024-07-03T01:40:38,472 | INFO  | activator-1-thread-2 | CommandExtension                 | 45 - org.apache.karaf.shell.core - 4.4.6 | Registering commands for bundle org.apache.karaf.log.core/4.4.6
2024-07-03T01:40:39,333 | INFO  | activator-1-thread-1 | core                             | 24 - org.apache.aries.jmx.core - 1.1.8 | Registering org.osgi.jmx.service.cm.ConfigurationAdminMBean to MBeanServer org.apache.karaf.management.internal.EventAdminMBeanServerWrapper@1f6aa6d5 with name osgi.compendium:service=cm,version=1.3,framework=org.apache.felix.framework,uuid=f7f70ca2-07f7-4f90-b7b9-554d582a171f
2024-07-03T01:40:39,334 | INFO  | activator-1-thread-1 | core                             | 24 - org.apache.aries.jmx.core - 1.1.8 | Registering org.osgi.jmx.framework.BundleStateMBean to MBeanServer org.apache.karaf.management.internal.EventAdminMBeanServerWrapper@1f6aa6d5 with name osgi.core:type=bundleState,version=1.7,framework=org.apache.felix.framework,uuid=f7f70ca2-07f7-4f90-b7b9-554d582a171f
2024-07-03T01:40:39,339 | INFO  | activator-1-thread-1 | core                             | 24 - org.apache.aries.jmx.core - 1.1.8 | Registering org.osgi.jmx.framework.ServiceStateMBean to MBeanServer org.apache.karaf.management.internal.EventAdminMBeanServerWrapper@1f6aa6d5 with name osgi.core:type=serviceState,version=1.7,framework=org.apache.felix.framework,uuid=f7f70ca2-07f7-4f90-b7b9-554d582a171f
2024-07-03T01:40:39,344 | INFO  | activator-1-thread-1 | core                             | 24 - org.apache.aries.jmx.core - 1.1.8 | Registering org.osgi.jmx.framework.PackageStateMBean to MBeanServer org.apache.karaf.management.internal.EventAdminMBeanServerWrapper@1f6aa6d5 with name osgi.core:type=packageState,version=1.5,framework=org.apache.felix.framework,uuid=f7f70ca2-07f7-4f90-b7b9-554d582a171f
2024-07-03T01:40:39,345 | INFO  | activator-1-thread-1 | core                             | 24 - org.apache.aries.jmx.core - 1.1.8 | Registering org.osgi.jmx.framework.wiring.BundleWiringStateMBean to MBeanServer org.apache.karaf.management.internal.EventAdminMBeanServerWrapper@1f6aa6d5 with name osgi.core:type=wiringState,version=1.1,framework=org.apache.felix.framework,uuid=f7f70ca2-07f7-4f90-b7b9-554d582a171f
2024-07-03T01:40:39,346 | INFO  | activator-1-thread-1 | core                             | 24 - org.apache.aries.jmx.core - 1.1.8 | Registering org.osgi.jmx.framework.FrameworkMBean to MBeanServer org.apache.karaf.management.internal.EventAdminMBeanServerWrapper@1f6aa6d5 with name osgi.core:type=framework,version=1.7,framework=org.apache.felix.framework,uuid=f7f70ca2-07f7-4f90-b7b9-554d582a171f
2024-07-03T01:40:39,382 | INFO  | activator-1-thread-1 | core                             | 24 - org.apache.aries.jmx.core - 1.1.8 | Unregistering org.osgi.jmx.service.cm.ConfigurationAdminMBean to MBeanServer org.apache.karaf.management.internal.EventAdminMBeanServerWrapper@1f6aa6d5 with name osgi.compendium:service=cm,version=1.3,framework=org.apache.felix.framework,uuid=f7f70ca2-07f7-4f90-b7b9-554d582a171f
2024-07-03T01:40:39,384 | INFO  | activator-1-thread-1 | core                             | 24 - org.apache.aries.jmx.core - 1.1.8 | Unregistering org.osgi.jmx.framework.BundleStateMBean to MBeanServer org.apache.karaf.management.internal.EventAdminMBeanServerWrapper@1f6aa6d5 with name osgi.core:type=bundleState,version=1.7,framework=org.apache.felix.framework,uuid=f7f70ca2-07f7-4f90-b7b9-554d582a171f
2024-07-03T01:40:39,386 | INFO  | activator-1-thread-1 | core                             | 24 - org.apache.aries.jmx.core - 1.1.8 | Unregistering org.osgi.jmx.framework.ServiceStateMBean to MBeanServer org.apache.karaf.management.internal.EventAdminMBeanServerWrapper@1f6aa6d5 with name osgi.core:type=serviceState,version=1.7,framework=org.apache.felix.framework,uuid=f7f70ca2-07f7-4f90-b7b9-554d582a171f
2024-07-03T01:40:39,388 | INFO  | activator-1-thread-1 | core                             | 24 - org.apache.aries.jmx.core - 1.1.8 | Unregistering org.osgi.jmx.framework.PackageStateMBean to MBeanServer org.apache.karaf.management.internal.EventAdminMBeanServerWrapper@1f6aa6d5 with name osgi.core:type=packageState,version=1.5,framework=org.apache.felix.framework,uuid=f7f70ca2-07f7-4f90-b7b9-554d582a171f
2024-07-03T01:40:39,389 | INFO  | activator-1-thread-1 | core                             | 24 - org.apache.aries.jmx.core - 1.1.8 | Unregistering org.osgi.jmx.framework.wiring.BundleWiringStateMBean to MBeanServer org.apache.karaf.management.internal.EventAdminMBeanServerWrapper@1f6aa6d5 with name osgi.core:type=wiringState,version=1.1,framework=org.apache.felix.framework,uuid=f7f70ca2-07f7-4f90-b7b9-554d582a171f
2024-07-03T01:40:39,391 | INFO  | activator-1-thread-1 | core                             | 24 - org.apache.aries.jmx.core - 1.1.8 | Unregistering org.osgi.jmx.framework.FrameworkMBean to MBeanServer org.apache.karaf.management.internal.EventAdminMBeanServerWrapper@1f6aa6d5 with name osgi.core:type=framework,version=1.7,framework=org.apache.felix.framework,uuid=f7f70ca2-07f7-4f90-b7b9-554d582a171f
2024-07-03T01:40:39,393 | WARN  | activator-1-thread-1 | core                             | 24 - org.apache.aries.jmx.core - 1.1.8 | Task rejected for JMX Notification dispatch of event [org.osgi.framework.ServiceEvent[source=[javax.management.MBeanServer]]] - Dispatcher may have been shutdown
2024-07-03T01:40:39,494 | WARN  | activator-1-thread-1 | Activator                        | 41 - org.apache.karaf.management.server - 4.4.6 | java.rmi.server.hostname system property is already set to 127.0.0.1. Apache Karaf doesn't override it
2024-07-03T01:40:39,520 | INFO  | activator-1-thread-1 | core                             | 24 - org.apache.aries.jmx.core - 1.1.8 | Registering org.osgi.jmx.service.cm.ConfigurationAdminMBean to MBeanServer org.apache.karaf.management.internal.EventAdminMBeanServerWrapper@e153808 with name osgi.compendium:service=cm,version=1.3,framework=org.apache.felix.framework,uuid=f7f70ca2-07f7-4f90-b7b9-554d582a171f
2024-07-03T01:40:39,521 | INFO  | activator-1-thread-1 | core                             | 24 - org.apache.aries.jmx.core - 1.1.8 | Registering org.osgi.jmx.framework.BundleStateMBean to MBeanServer org.apache.karaf.management.internal.EventAdminMBeanServerWrapper@e153808 with name osgi.core:type=bundleState,version=1.7,framework=org.apache.felix.framework,uuid=f7f70ca2-07f7-4f90-b7b9-554d582a171f
2024-07-03T01:40:39,523 | INFO  | activator-1-thread-1 | core                             | 24 - org.apache.aries.jmx.core - 1.1.8 | Registering org.osgi.jmx.framework.ServiceStateMBean to MBeanServer org.apache.karaf.management.internal.EventAdminMBeanServerWrapper@e153808 with name osgi.core:type=serviceState,version=1.7,framework=org.apache.felix.framework,uuid=f7f70ca2-07f7-4f90-b7b9-554d582a171f
2024-07-03T01:40:39,526 | INFO  | activator-1-thread-1 | core                             | 24 - org.apache.aries.jmx.core - 1.1.8 | Registering org.osgi.jmx.framework.PackageStateMBean to MBeanServer org.apache.karaf.management.internal.EventAdminMBeanServerWrapper@e153808 with name osgi.core:type=packageState,version=1.5,framework=org.apache.felix.framework,uuid=f7f70ca2-07f7-4f90-b7b9-554d582a171f
2024-07-03T01:40:39,526 | INFO  | activator-1-thread-1 | core                             | 24 - org.apache.aries.jmx.core - 1.1.8 | Registering org.osgi.jmx.framework.wiring.BundleWiringStateMBean to MBeanServer org.apache.karaf.management.internal.EventAdminMBeanServerWrapper@e153808 with name osgi.core:type=wiringState,version=1.1,framework=org.apache.felix.framework,uuid=f7f70ca2-07f7-4f90-b7b9-554d582a171f
2024-07-03T01:40:39,527 | INFO  | activator-1-thread-1 | core                             | 24 - org.apache.aries.jmx.core - 1.1.8 | Registering org.osgi.jmx.framework.FrameworkMBean to MBeanServer org.apache.karaf.management.internal.EventAdminMBeanServerWrapper@e153808 with name osgi.core:type=framework,version=1.7,framework=org.apache.felix.framework,uuid=f7f70ca2-07f7-4f90-b7b9-554d582a171f
2024-07-03T01:40:39,554 | INFO  | activator-1-thread-1 | CommandExtension                 | 45 - org.apache.karaf.shell.core - 4.4.6 | Registering commands for bundle org.apache.karaf.shell.ssh/4.4.6
2024-07-03T01:40:39,590 | INFO  | activator-1-thread-1 | DefaultIoServiceFactoryFactory   | 48 - org.apache.sshd.osgi - 2.12.1 | No detected/configured IoServiceFactoryFactory; using Nio2ServiceFactoryFactory
2024-07-03T01:40:39,708 | INFO  | activator-1-thread-2 | CommandExtension                 | 45 - org.apache.karaf.shell.core - 4.4.6 | Registering commands for bundle org.apache.karaf.features.command/4.4.6
2024-07-03T01:40:39,709 | INFO  | activator-1-thread-2 | Activator                        | 29 - org.apache.karaf.deployer.features - 4.4.6 | Deployment finished. Registering FeatureDeploymentListener
2024-07-03T01:40:39,720 | INFO  | activator-1-thread-3 | CommandExtension                 | 45 - org.apache.karaf.shell.core - 4.4.6 | Registering commands for bundle org.apache.karaf.kar.core/4.4.6
2024-07-03T01:40:40,218 | INFO  | fileinstall-C:\Users\USER\Desktop\OSGIA\apache-karaf-4.4.6\apache-karaf-4.4.6/deploy | fileinstall                      | 18 - org.apache.felix.fileinstall - 3.7.4 | Installing bundle notification-manager / 1.0.0.SNAPSHOT
2024-07-03T01:40:40,289 | INFO  | fileinstall-C:\Users\USER\Desktop\OSGIA\apache-karaf-4.4.6\apache-karaf-4.4.6/deploy | fileinstall                      | 18 - org.apache.felix.fileinstall - 3.7.4 | Started bundle: file:/C:/Users/USER/Desktop/OSGIA/apache-karaf-4.4.6/apache-karaf-4.4.6/deploy/notification-manager-1.0-SNAPSHOT.jar
